# JRE version: OpenJDK Runtime Environment Temurin-17.0.11+9 (17.0.11+9) (build 17.0.11+9)
# Java VM: OpenJDK Client VM Temurin-17.0.11+9 (17.0.11+9, mixed mode, emulated-client, serial gc, windows-x86)
GC Precious Log:
 CPUs: 12 total, 12 available
 Memory: 7501M
 Large Page Support: Disabled
 NUMA Support: Disabled
 Compressed Oops: Disabled
 Heap Min Capacity: 6M
 Heap Initial Capacity: 16M
 Heap Max Capacity: 1536M
 Pre-touch: Disabled
Heap:
 def new generation   total 144640K, used 36503K [0x05a00000, 0x0f6f0000, 0x25a00000)
  eden space 128576K,  21% used [0x05a00000, 0x0749c0e8, 0x0d790000)
  from space 16064K,  57% used [0x0d790000, 0x0e099be0, 0x0e740000)
  to   space 16064K,   0% used [0x0e740000, 0x0e740000, 0x0f6f0000)
 tenured generation   total 319676K, used 266004K [0x25a00000, 0x3922f000, 0x65a00000)
   the space 319676K,  83% used [0x25a00000, 0x35dc51f8, 0x35dc5200, 0x3922f000)
 Metaspace       used 97315K, committed 97792K, reserved 98304K
GC Heap History (20 events):
Event: 103.670 GC heap before
{Heap before GC invocations=104 (full 7):
 def new generation   total 144640K, used 131354K [0x05a00000, 0x0f6f0000, 0x25a00000)
  eden space 128576K, 100% used [0x05a00000, 0x0d790000, 0x0d790000)
  from space 16064K,  17% used [0x0d790000, 0x0da46800, 0x0e740000)
  to   space 16064K,   0% used [0x0e740000, 0x0e740000, 0x0f6f0000)
 tenured generation   total 319676K, used 266004K [0x25a00000, 0x3922f000, 0x65a00000)
   the space 319676K,  83% used [0x25a00000, 0x35dc51f8, 0x35dc5200, 0x3922f000)
 Metaspace       used 96070K, committed 96576K, reserved 98304K
}
Event: 103.687 GC heap after
{Heap after GC invocations=105 (full 7):
 def new generation   total 144640K, used 4493K [0x05a00000, 0x0f6f0000, 0x25a00000)
  eden space 128576K,   0% used [0x05a00000, 0x05a00000, 0x0d790000)
  from space 16064K,  27% used [0x0e740000, 0x0eba3760, 0x0f6f0000)
  to   space 16064K,   0% used [0x0d790000, 0x0d790000, 0x0e740000)
 tenured generation   total 319676K, used 266004K [0x25a00000, 0x3922f000, 0x65a00000)
   the space 319676K,  83% used [0x25a00000, 0x35dc51f8, 0x35dc5200, 0x3922f000)
 Metaspace       used 96070K, committed 96576K, reserved 98304K
}
Event: 103.870 GC heap before
{Heap before GC invocations=105 (full 7):
 def new generation   total 144640K, used 133069K [0x05a00000, 0x0f6f0000, 0x25a00000)
  eden space 128576K, 100% used [0x05a00000, 0x0d790000, 0x0d790000)
  from space 16064K,  27% used [0x0e740000, 0x0eba3760, 0x0f6f0000)
  to   space 16064K,   0% used [0x0d790000, 0x0d790000, 0x0e740000)
 tenured generation   total 319676K, used 266004K [0x25a00000, 0x3922f000, 0x65a00000)
   the space 319676K,  83% used [0x25a00000, 0x35dc51f8, 0x35dc5200, 0x3922f000)
 Metaspace       used 96156K, committed 96640K, reserved 98304K
}
Event: 103.883 GC heap after
{Heap after GC invocations=106 (full 7):
 def new generation   total 144640K, used 4579K [0x05a00000, 0x0f6f0000, 0x25a00000)
  eden space 128576K,   0% used [0x05a00000, 0x05a00000, 0x0d790000)
  from space 16064K,  28% used [0x0d790000, 0x0dc08d90, 0x0e740000)
  to   space 16064K,   0% used [0x0e740000, 0x0e740000, 0x0f6f0000)
 tenured generation   total 319676K, used 266004K [0x25a00000, 0x3922f000, 0x65a00000)
   the space 319676K,  83% used [0x25a00000, 0x35dc51f8, 0x35dc5200, 0x3922f000)
 Metaspace       used 96156K, committed 96640K, reserved 98304K
}
Event: 104.255 GC heap before
{Heap before GC invocations=106 (full 7):
 def new generation   total 144640K, used 133155K [0x05a00000, 0x0f6f0000, 0x25a00000)
  eden space 128576K, 100% used [0x05a00000, 0x0d790000, 0x0d790000)
  from space 16064K,  28% used [0x0d790000, 0x0dc08d90, 0x0e740000)
  to   space 16064K,   0% used [0x0e740000, 0x0e740000, 0x0f6f0000)
 tenured generation   total 319676K, used 266004K [0x25a00000, 0x3922f000, 0x65a00000)
   the space 319676K,  83% used [0x25a00000, 0x35dc51f8, 0x35dc5200, 0x3922f000)
 Metaspace       used 96178K, committed 96704K, reserved 98304K
}
Event: 104.282 GC heap after
{Heap after GC invocations=107 (full 7):
 def new generation   total 144640K, used 4695K [0x05a00000, 0x0f6f0000, 0x25a00000)
  eden space 128576K,   0% used [0x05a00000, 0x05a00000, 0x0d790000)
  from space 16064K,  29% used [0x0e740000, 0x0ebd5c48, 0x0f6f0000)
  to   space 16064K,   0% used [0x0d790000, 0x0d790000, 0x0e740000)
 tenured generation   total 319676K, used 266004K [0x25a00000, 0x3922f000, 0x65a00000)
   the space 319676K,  83% used [0x25a00000, 0x35dc51f8, 0x35dc5200, 0x3922f000)
 Metaspace       used 96178K, committed 96704K, reserved 98304K
}
Event: 104.579 GC heap before
{Heap before GC invocations=107 (full 7):
 def new generation   total 144640K, used 133271K [0x05a00000, 0x0f6f0000, 0x25a00000)
  eden space 128576K, 100% used [0x05a00000, 0x0d790000, 0x0d790000)
  from space 16064K,  29% used [0x0e740000, 0x0ebd5c48, 0x0f6f0000)
  to   space 16064K,   0% used [0x0d790000, 0x0d790000, 0x0e740000)
 tenured generation   total 319676K, used 266004K [0x25a00000, 0x3922f000, 0x65a00000)
   the space 319676K,  83% used [0x25a00000, 0x35dc51f8, 0x35dc5200, 0x3922f000)
 Metaspace       used 96201K, committed 96704K, reserved 98304K
}
Event: 104.603 GC heap after
{Heap after GC invocations=108 (full 7):
 def new generation   total 144640K, used 4770K [0x05a00000, 0x0f6f0000, 0x25a00000)
  eden space 128576K,   0% used [0x05a00000, 0x05a00000, 0x0d790000)
  from space 16064K,  29% used [0x0d790000, 0x0dc38858, 0x0e740000)
  to   space 16064K,   0% used [0x0e740000, 0x0e740000, 0x0f6f0000)
 tenured generation   total 319676K, used 266004K [0x25a00000, 0x3922f000, 0x65a00000)
   the space 319676K,  83% used [0x25a00000, 0x35dc51f8, 0x35dc5200, 0x3922f000)
 Metaspace       used 96201K, committed 96704K, reserved 98304K
}
Event: 104.799 GC heap before
{Heap before GC invocations=108 (full 7):
 def new generation   total 144640K, used 133346K [0x05a00000, 0x0f6f0000, 0x25a00000)
  eden space 128576K, 100% used [0x05a00000, 0x0d790000, 0x0d790000)
  from space 16064K,  29% used [0x0d790000, 0x0dc38858, 0x0e740000)
  to   space 16064K,   0% used [0x0e740000, 0x0e740000, 0x0f6f0000)
 tenured generation   total 319676K, used 266004K [0x25a00000, 0x3922f000, 0x65a00000)
   the space 319676K,  83% used [0x25a00000, 0x35dc51f8, 0x35dc5200, 0x3922f000)
 Metaspace       used 96205K, committed 96704K, reserved 98304K
}
Event: 104.816 GC heap after
{Heap after GC invocations=109 (full 7):
 def new generation   total 144640K, used 4754K [0x05a00000, 0x0f6f0000, 0x25a00000)
  eden space 128576K,   0% used [0x05a00000, 0x05a00000, 0x0d790000)
  from space 16064K,  29% used [0x0e740000, 0x0ebe4918, 0x0f6f0000)
  to   space 16064K,   0% used [0x0d790000, 0x0d790000, 0x0e740000)
 tenured generation   total 319676K, used 266004K [0x25a00000, 0x3922f000, 0x65a00000)
   the space 319676K,  83% used [0x25a00000, 0x35dc51f8, 0x35dc5200, 0x3922f000)
 Metaspace       used 96205K, committed 96704K, reserved 98304K
}
Event: 104.942 GC heap before
{Heap before GC invocations=109 (full 7):
 def new generation   total 144640K, used 133330K [0x05a00000, 0x0f6f0000, 0x25a00000)
  eden space 128576K, 100% used [0x05a00000, 0x0d790000, 0x0d790000)
  from space 16064K,  29% used [0x0e740000, 0x0ebe4918, 0x0f6f0000)
  to   space 16064K,   0% used [0x0d790000, 0x0d790000, 0x0e740000)
 tenured generation   total 319676K, used 266004K [0x25a00000, 0x3922f000, 0x65a00000)
   the space 319676K,  83% used [0x25a00000, 0x35dc51f8, 0x35dc5200, 0x3922f000)
 Metaspace       used 96207K, committed 96704K, reserved 98304K
}
Event: 104.959 GC heap after
{Heap after GC invocations=110 (full 7):
 def new generation   total 144640K, used 5062K [0x05a00000, 0x0f6f0000, 0x25a00000)
  eden space 128576K,   0% used [0x05a00000, 0x05a00000, 0x0d790000)
  from space 16064K,  31% used [0x0d790000, 0x0dc81838, 0x0e740000)
  to   space 16064K,   0% used [0x0e740000, 0x0e740000, 0x0f6f0000)
 tenured generation   total 319676K, used 266004K [0x25a00000, 0x3922f000, 0x65a00000)
   the space 319676K,  83% used [0x25a00000, 0x35dc51f8, 0x35dc5200, 0x3922f000)
 Metaspace       used 96207K, committed 96704K, reserved 98304K
}
Event: 105.068 GC heap before
{Heap before GC invocations=110 (full 7):
 def new generation   total 144640K, used 133638K [0x05a00000, 0x0f6f0000, 0x25a00000)
  eden space 128576K, 100% used [0x05a00000, 0x0d790000, 0x0d790000)
  from space 16064K,  31% used [0x0d790000, 0x0dc81838, 0x0e740000)
  to   space 16064K,   0% used [0x0e740000, 0x0e740000, 0x0f6f0000)
 tenured generation   total 319676K, used 266004K [0x25a00000, 0x3922f000, 0x65a00000)
   the space 319676K,  83% used [0x25a00000, 0x35dc51f8, 0x35dc5200, 0x3922f000)
 Metaspace       used 96210K, committed 96704K, reserved 98304K
}
Event: 105.082 GC heap after
{Heap after GC invocations=111 (full 7):
 def new generation   total 144640K, used 4840K [0x05a00000, 0x0f6f0000, 0x25a00000)
  eden space 128576K,   0% used [0x05a00000, 0x05a00000, 0x0d790000)
  from space 16064K,  30% used [0x0e740000, 0x0ebfa028, 0x0f6f0000)
  to   space 16064K,   0% used [0x0d790000, 0x0d790000, 0x0e740000)
 tenured generation   total 319676K, used 266004K [0x25a00000, 0x3922f000, 0x65a00000)
   the space 319676K,  83% used [0x25a00000, 0x35dc51f8, 0x35dc5200, 0x3922f000)
 Metaspace       used 96210K, committed 96704K, reserved 98304K
}
Event: 105.196 GC heap before
{Heap before GC invocations=111 (full 7):
 def new generation   total 144640K, used 133416K [0x05a00000, 0x0f6f0000, 0x25a00000)
  eden space 128576K, 100% used [0x05a00000, 0x0d790000, 0x0d790000)
  from space 16064K,  30% used [0x0e740000, 0x0ebfa028, 0x0f6f0000)
  to   space 16064K,   0% used [0x0d790000, 0x0d790000, 0x0e740000)
 tenured generation   total 319676K, used 266004K [0x25a00000, 0x3922f000, 0x65a00000)
   the space 319676K,  83% used [0x25a00000, 0x35dc51f8, 0x35dc5200, 0x3922f000)
 Metaspace       used 96221K, committed 96704K, reserved 98304K
}
Event: 105.209 GC heap after
{Heap after GC invocations=112 (full 7):
 def new generation   total 144640K, used 4863K [0x05a00000, 0x0f6f0000, 0x25a00000)
  eden space 128576K,   0% used [0x05a00000, 0x05a00000, 0x0d790000)
  from space 16064K,  30% used [0x0d790000, 0x0dc4fd78, 0x0e740000)
  to   space 16064K,   0% used [0x0e740000, 0x0e740000, 0x0f6f0000)
 tenured generation   total 319676K, used 266004K [0x25a00000, 0x3922f000, 0x65a00000)
   the space 319676K,  83% used [0x25a00000, 0x35dc51f8, 0x35dc5200, 0x3922f000)
 Metaspace       used 96221K, committed 96704K, reserved 98304K
}
Event: 105.675 GC heap before
{Heap before GC invocations=112 (full 7):
 def new generation   total 144640K, used 133439K [0x05a00000, 0x0f6f0000, 0x25a00000)
  eden space 128576K, 100% used [0x05a00000, 0x0d790000, 0x0d790000)
  from space 16064K,  30% used [0x0d790000, 0x0dc4fd78, 0x0e740000)
  to   space 16064K,   0% used [0x0e740000, 0x0e740000, 0x0f6f0000)
 tenured generation   total 319676K, used 266004K [0x25a00000, 0x3922f000, 0x65a00000)
   the space 319676K,  83% used [0x25a00000, 0x35dc51f8, 0x35dc5200, 0x3922f000)
 Metaspace       used 96619K, committed 97152K, reserved 98304K
}
Event: 105.691 GC heap after
{Heap after GC invocations=113 (full 7):
 def new generation   total 144640K, used 4923K [0x05a00000, 0x0f6f0000, 0x25a00000)
  eden space 128576K,   0% used [0x05a00000, 0x05a00000, 0x0d790000)
  from space 16064K,  30% used [0x0e740000, 0x0ec0efc8, 0x0f6f0000)
  to   space 16064K,   0% used [0x0d790000, 0x0d790000, 0x0e740000)
 tenured generation   total 319676K, used 266004K [0x25a00000, 0x3922f000, 0x65a00000)
   the space 319676K,  83% used [0x25a00000, 0x35dc51f8, 0x35dc5200, 0x3922f000)
 Metaspace       used 96619K, committed 97152K, reserved 98304K
}
Event: 106.433 GC heap before
{Heap before GC invocations=113 (full 7):
 def new generation   total 144640K, used 133499K [0x05a00000, 0x0f6f0000, 0x25a00000)
  eden space 128576K, 100% used [0x05a00000, 0x0d790000, 0x0d790000)
  from space 16064K,  30% used [0x0e740000, 0x0ec0efc8, 0x0f6f0000)
  to   space 16064K,   0% used [0x0d790000, 0x0d790000, 0x0e740000)
 tenured generation   total 319676K, used 266004K [0x25a00000, 0x3922f000, 0x65a00000)
   the space 319676K,  83% used [0x25a00000, 0x35dc51f8, 0x35dc5200, 0x3922f000)
 Metaspace       used 97158K, committed 97664K, reserved 98304K
}
Event: 106.460 GC heap after
{Heap after GC invocations=114 (full 7):
 def new generation   total 144640K, used 9254K [0x05a00000, 0x0f6f0000, 0x25a00000)
  eden space 128576K,   0% used [0x05a00000, 0x05a00000, 0x0d790000)
  from space 16064K,  57% used [0x0d790000, 0x0e099be0, 0x0e740000)
  to   space 16064K,   0% used [0x0e740000, 0x0e740000, 0x0f6f0000)
 tenured generation   total 319676K, used 266004K [0x25a00000, 0x3922f000, 0x65a00000)
   the space 319676K,  83% used [0x25a00000, 0x35dc51f8, 0x35dc5200, 0x3922f000)
 Metaspace       used 97158K, committed 97664K, reserved 98304K
}

